
> frontend@0.1.0 dev
> next dev

▲ Next.js 16.2.0 (Turbopack)
- Local:         http://localhost:3000
- Network:       http://192.168.151.154:3000
- Environments: .env.local
✓ Ready in 500ms
⚠ Warning: Next.js inferred your workspace root, but it may not be correct.
 We detected multiple lockfiles and selected the directory of /Users/harshshinde/Downloads/package-lock.json as the root directory.
 To silence this warning, set `turbopack.root` in your Next.js config, or consider removing one of the lockfiles if it's not needed.
   See https://nextjs.org/docs/app/api-reference/config/next-config-js/turbopack#root-directory for more information.
 Detected additional lockfiles: 
   * /Users/harshshinde/Downloads/missionerp/frontend/package-lock.json


 GET /login 200 in 585ms (next.js: 247ms, application-code: 337ms)
 GET / 200 in 295ms (next.js: 117ms, application-code: 179ms)
 GET /login 200 in 66ms (next.js: 26ms, application-code: 40ms)
[browser] Detected `scroll-behavior: smooth` on the `<html>` element. To disable smooth scrolling during route transitions, add `data-scroll-behavior="smooth"` to your <html> element. Learn more: https://nextjs.org/docs/messages/missing-data-scroll-behavior
 GET /login 200 in 38ms (next.js: 4ms, application-code: 34ms)
 GET /login 200 in 44ms (next.js: 4ms, application-code: 40ms)
 GET /login 200 in 42ms (next.js: 2ms, application-code: 40ms)
 GET /login 200 in 46ms (next.js: 4ms, application-code: 42ms)
○ Compiling /dashboard ...
 GET /dashboard 200 in 3.5s (next.js: 3.4s, application-code: 65ms)
[browser] Detected `scroll-behavior: smooth` on the `<html>` element. To disable smooth scrolling during route transitions, add `data-scroll-behavior="smooth"` to your <html> element. Learn more: https://nextjs.org/docs/messages/missing-data-scroll-behavior
 GET /dashboard/generate?type=drive 200 in 607ms (next.js: 557ms, application-code: 50ms)
 GET /dashboard/users 200 in 515ms (next.js: 495ms, application-code: 20ms)
 GET /dashboard/compare 200 in 2.1s (next.js: 1960ms, application-code: 132ms)
 GET /dashboard/compare 200 in 165ms (next.js: 14ms, application-code: 151ms)
 GET /dashboard/compare 200 in 97ms (next.js: 11ms, application-code: 86ms)
 GET /dashboard/reports 200 in 1127ms (next.js: 1061ms, application-code: 65ms)
[browser] ⨯ unhandledRejection: AxiosError: Request failed with status code 500
[browser] ⨯ unhandledRejection: AxiosError: Request failed with status code 500
 GET /dashboard/generate 200 in 27ms (next.js: 10ms, application-code: 18ms)
 GET /dashboard 200 in 19ms (next.js: 6ms, application-code: 13ms)
 GET /dashboard/generate?type=drive 200 in 19ms (next.js: 6ms, application-code: 13ms)
 GET /dashboard 200 in 17ms (next.js: 3ms, application-code: 14ms)
✓ Compiled in 609ms
 GET /dashboard/compare 200 in 27ms (next.js: 6ms, application-code: 21ms)
 GET /dashboard/reports 200 in 20ms (next.js: 6ms, application-code: 14ms)
 GET /dashboard/generate 200 in 18ms (next.js: 7ms, application-code: 11ms)
[browser] ⨯ unhandledRejection: AxiosError: Request failed with status code 500
 GET /dashboard/generate 200 in 9ms (next.js: 3ms, application-code: 6ms)
 GET /dashboard/generate 200 in 12ms (next.js: 1025µs, application-code: 11ms)
 GET /dashboard 200 in 17ms (next.js: 5ms, application-code: 12ms)
[browser] ⨯ unhandledRejection: AxiosError: Request failed with status code 500
 GET /dashboard/settings 200 in 704ms (next.js: 640ms, application-code: 63ms)
 GET /dashboard/users 200 in 35ms (next.js: 6ms, application-code: 29ms)
 GET /dashboard/compare 200 in 17ms (next.js: 3ms, application-code: 14ms)
 GET /dashboard/analytics 200 in 566ms (next.js: 552ms, application-code: 14ms)
 GET /dashboard/users 200 in 13ms (next.js: 1126µs, application-code: 11ms)
 GET /dashboard/compare 200 in 19ms (next.js: 3ms, application-code: 16ms)
 GET /dashboard/generate 200 in 15ms (next.js: 3ms, application-code: 12ms)
[browser] ⨯ unhandledRejection: AxiosError: Request failed with status code 500
 GET /dashboard/generate 200 in 9ms (next.js: 3ms, application-code: 6ms)
 GET /dashboard/generate 200 in 10ms (next.js: 1140µs, application-code: 9ms)
 GET /dashboard 200 in 27ms (next.js: 4ms, application-code: 23ms)
[browser] ⨯ unhandledRejection: AxiosError: Request failed with status code 500
[browser] ⨯ unhandledRejection: AxiosError: Request failed with status code 500
[browser] ⨯ unhandledRejection: AxiosError: Request failed with status code 500
